2020-08-13 19:23:08.267  INFO 27520 --- [main] c.i.ratelimiter.RatelimiterApplication   : Starting RatelimiterApplication on LAPTOP-AQADA4QB with PID 27520 (C:\Users\16578\Downloads\ratelimiter\ratelimiter\target\classes started by 16578 in C:\Users\16578\Downloads\ratelimiter\ratelimiter)
2020-08-13 19:23:08.271  INFO 27520 --- [main] c.i.ratelimiter.RatelimiterApplication   : No active profile set, falling back to default profiles: default
2020-08-13 19:23:10.450  INFO 27520 --- [main] o.s.b.w.embedded.tomcat.TomcatWebServer  : Tomcat initialized with port(s): 8080 (http)
2020-08-13 19:23:10.463  INFO 27520 --- [main] o.apache.catalina.core.StandardService   : Starting service [Tomcat]
2020-08-13 19:23:10.464  INFO 27520 --- [main] org.apache.catalina.core.StandardEngine  : Starting Servlet engine: [Apache Tomcat/9.0.33]
2020-08-13 19:23:10.571  INFO 27520 --- [main] o.a.c.c.C.[Tomcat].[localhost].[/]       : Initializing Spring embedded WebApplicationContext
2020-08-13 19:23:10.572  INFO 27520 --- [main] o.s.web.context.ContextLoader            : Root WebApplicationContext: initialization completed in 2232 ms
2020-08-13 19:23:11.074  INFO 27520 --- [main] o.s.s.concurrent.ThreadPoolTaskExecutor  : Initializing ExecutorService 'applicationTaskExecutor'
2020-08-13 19:23:11.597  INFO 27520 --- [main] o.s.s.web.DefaultSecurityFilterChain     : Creating filter chain: any request, [org.springframework.security.web.context.request.async.WebAsyncManagerIntegrationFilter@7139bd31, org.springframework.security.web.context.SecurityContextPersistenceFilter@fabb651, org.springframework.security.web.header.HeaderWriterFilter@639aba11, org.springframework.security.web.authentication.logout.LogoutFilter@74dbb1ee, org.springframework.security.web.authentication.www.BasicAuthenticationFilter@319c3a25, org.springframework.security.web.savedrequest.RequestCacheAwareFilter@4422dd48, org.springframework.security.web.servletapi.SecurityContextHolderAwareRequestFilter@12968227, org.springframework.security.web.authentication.AnonymousAuthenticationFilter@199bc830, org.springframework.security.web.session.SessionManagementFilter@4554de02, org.springframework.security.web.access.ExceptionTranslationFilter@28501a4b, org.springframework.security.web.access.intercept.FilterSecurityInterceptor@168cd36b]
2020-08-13 19:23:11.630  INFO 27520 --- [main] o.s.b.a.e.web.EndpointLinksResolver      : Exposing 2 endpoint(s) beneath base path '/actuator'
2020-08-13 19:23:11.728  INFO 27520 --- [main] o.s.b.w.embedded.tomcat.TomcatWebServer  : Tomcat started on port(s): 8080 (http) with context path ''
2020-08-13 19:23:11.733  INFO 27520 --- [main] c.i.ratelimiter.RatelimiterApplication   : Started RatelimiterApplication in 4.046 seconds (JVM running for 4.536)
2020-08-13 19:23:40.781  INFO 27520 --- [http-nio-8080-exec-1] o.a.c.c.C.[Tomcat].[localhost].[/]       : Initializing Spring DispatcherServlet 'dispatcherServlet'
2020-08-13 19:23:40.782  INFO 27520 --- [http-nio-8080-exec-1] o.s.web.servlet.DispatcherServlet        : Initializing Servlet 'dispatcherServlet'
2020-08-13 19:23:40.789  INFO 27520 --- [http-nio-8080-exec-1] o.s.web.servlet.DispatcherServlet        : Completed initialization in 7 ms
2020-08-13 19:23:51.604  WARN 27520 --- [http-nio-8080-exec-3] .w.s.m.s.DefaultHandlerExceptionResolver : Resolved [org.springframework.web.HttpRequestMethodNotSupportedException: Request method 'GET' not supported]
2020-08-13 19:26:45.308  INFO 21348 --- [main] c.i.ratelimiter.RatelimiterApplication   : Starting RatelimiterApplication on LAPTOP-AQADA4QB with PID 21348 (C:\Users\16578\Downloads\ratelimiter\ratelimiter\target\classes started by 16578 in C:\Users\16578\Downloads\ratelimiter\ratelimiter)
2020-08-13 19:26:45.312  INFO 21348 --- [main] c.i.ratelimiter.RatelimiterApplication   : No active profile set, falling back to default profiles: default
2020-08-13 19:26:47.581  INFO 21348 --- [main] o.s.b.w.embedded.tomcat.TomcatWebServer  : Tomcat initialized with port(s): 8080 (http)
2020-08-13 19:26:47.597  INFO 21348 --- [main] o.apache.catalina.core.StandardService   : Starting service [Tomcat]
2020-08-13 19:26:47.598  INFO 21348 --- [main] org.apache.catalina.core.StandardEngine  : Starting Servlet engine: [Apache Tomcat/9.0.33]
2020-08-13 19:26:47.706  INFO 21348 --- [main] o.a.c.c.C.[Tomcat].[localhost].[/]       : Initializing Spring embedded WebApplicationContext
2020-08-13 19:26:47.707  INFO 21348 --- [main] o.s.web.context.ContextLoader            : Root WebApplicationContext: initialization completed in 2328 ms
2020-08-13 19:26:48.278  INFO 21348 --- [main] o.s.s.concurrent.ThreadPoolTaskExecutor  : Initializing ExecutorService 'applicationTaskExecutor'
2020-08-13 19:26:48.799  INFO 21348 --- [main] o.s.s.web.DefaultSecurityFilterChain     : Creating filter chain: any request, [org.springframework.security.web.context.request.async.WebAsyncManagerIntegrationFilter@260ff5b7, org.springframework.security.web.context.SecurityContextPersistenceFilter@639aba11, org.springframework.security.web.header.HeaderWriterFilter@6c302a1d, org.springframework.security.web.authentication.logout.LogoutFilter@5e2a3040, org.springframework.security.web.authentication.www.BasicAuthenticationFilter@71ad3d8a, org.springframework.security.web.savedrequest.RequestCacheAwareFilter@2bebb74f, org.springframework.security.web.servletapi.SecurityContextHolderAwareRequestFilter@3f9f71ff, org.springframework.security.web.authentication.AnonymousAuthenticationFilter@3724b43e, org.springframework.security.web.session.SessionManagementFilter@28501a4b, org.springframework.security.web.access.ExceptionTranslationFilter@7942a854, org.springframework.security.web.access.intercept.FilterSecurityInterceptor@35764bef]
2020-08-13 19:26:48.829  INFO 21348 --- [main] o.s.b.a.e.web.EndpointLinksResolver      : Exposing 2 endpoint(s) beneath base path '/actuator'
2020-08-13 19:26:48.922  INFO 21348 --- [main] o.s.b.w.embedded.tomcat.TomcatWebServer  : Tomcat started on port(s): 8080 (http) with context path ''
2020-08-13 19:26:48.926  INFO 21348 --- [main] c.i.ratelimiter.RatelimiterApplication   : Started RatelimiterApplication in 4.19 seconds (JVM running for 4.693)
2020-08-13 19:26:54.912  INFO 21348 --- [http-nio-8080-exec-1] o.a.c.c.C.[Tomcat].[localhost].[/]       : Initializing Spring DispatcherServlet 'dispatcherServlet'
2020-08-13 19:26:54.913  INFO 21348 --- [http-nio-8080-exec-1] o.s.web.servlet.DispatcherServlet        : Initializing Servlet 'dispatcherServlet'
2020-08-13 19:26:54.921  INFO 21348 --- [http-nio-8080-exec-1] o.s.web.servlet.DispatcherServlet        : Completed initialization in 8 ms
2020-08-13 19:26:55.164 ERROR 21348 --- [http-nio-8080-exec-1] c.i.r.controller.RateLimiterController   : User Does not exist! Add the User to Continue!
2020-08-13 19:27:18.020 ERROR 21348 --- [http-nio-8080-exec-5] c.i.r.controller.RateLimiterController   : User Already Exists
2020-08-13 19:29:03.981  INFO 26504 --- [main] c.i.ratelimiter.RatelimiterApplication   : Starting RatelimiterApplication on LAPTOP-AQADA4QB with PID 26504 (C:\Users\16578\Downloads\ratelimiter\ratelimiter\target\classes started by 16578 in C:\Users\16578\Downloads\ratelimiter\ratelimiter)
2020-08-13 19:29:03.987  INFO 26504 --- [main] c.i.ratelimiter.RatelimiterApplication   : No active profile set, falling back to default profiles: default
2020-08-13 19:29:06.138  INFO 26504 --- [main] o.s.b.w.embedded.tomcat.TomcatWebServer  : Tomcat initialized with port(s): 8080 (http)
2020-08-13 19:29:06.151  INFO 26504 --- [main] o.apache.catalina.core.StandardService   : Starting service [Tomcat]
2020-08-13 19:29:06.152  INFO 26504 --- [main] org.apache.catalina.core.StandardEngine  : Starting Servlet engine: [Apache Tomcat/9.0.33]
2020-08-13 19:29:06.258  INFO 26504 --- [main] o.a.c.c.C.[Tomcat].[localhost].[/]       : Initializing Spring embedded WebApplicationContext
2020-08-13 19:29:06.258  INFO 26504 --- [main] o.s.web.context.ContextLoader            : Root WebApplicationContext: initialization completed in 2211 ms
2020-08-13 19:29:06.770  INFO 26504 --- [main] o.s.s.concurrent.ThreadPoolTaskExecutor  : Initializing ExecutorService 'applicationTaskExecutor'
2020-08-13 19:29:07.292  INFO 26504 --- [main] o.s.s.web.DefaultSecurityFilterChain     : Creating filter chain: any request, [org.springframework.security.web.context.request.async.WebAsyncManagerIntegrationFilter@680a66dd, org.springframework.security.web.context.SecurityContextPersistenceFilter@4e6f2bb5, org.springframework.security.web.header.HeaderWriterFilter@47fbc56, org.springframework.security.web.authentication.logout.LogoutFilter@3a230001, org.springframework.security.web.authentication.www.BasicAuthenticationFilter@154bd49b, org.springframework.security.web.savedrequest.RequestCacheAwareFilter@3f628ce9, org.springframework.security.web.servletapi.SecurityContextHolderAwareRequestFilter@75fc1992, org.springframework.security.web.authentication.AnonymousAuthenticationFilter@2dd8239, org.springframework.security.web.session.SessionManagementFilter@497aec8c, org.springframework.security.web.access.ExceptionTranslationFilter@2de50ee4, org.springframework.security.web.access.intercept.FilterSecurityInterceptor@6bda1d19]
2020-08-13 19:29:07.322  INFO 26504 --- [main] o.s.b.a.e.web.EndpointLinksResolver      : Exposing 2 endpoint(s) beneath base path '/actuator'
2020-08-13 19:29:07.413  INFO 26504 --- [main] o.s.b.w.embedded.tomcat.TomcatWebServer  : Tomcat started on port(s): 8080 (http) with context path ''
2020-08-13 19:29:07.419  INFO 26504 --- [main] c.i.ratelimiter.RatelimiterApplication   : Started RatelimiterApplication in 3.975 seconds (JVM running for 4.481)
2020-08-13 19:29:16.828  INFO 26504 --- [http-nio-8080-exec-1] o.a.c.c.C.[Tomcat].[localhost].[/]       : Initializing Spring DispatcherServlet 'dispatcherServlet'
2020-08-13 19:29:16.828  INFO 26504 --- [http-nio-8080-exec-1] o.s.web.servlet.DispatcherServlet        : Initializing Servlet 'dispatcherServlet'
2020-08-13 19:29:16.836  INFO 26504 --- [http-nio-8080-exec-1] o.s.web.servlet.DispatcherServlet        : Completed initialization in 7 ms
2020-08-13 19:35:00.832  INFO 27156 --- [main] c.i.ratelimiter.RatelimiterApplication   : Starting RatelimiterApplication on LAPTOP-AQADA4QB with PID 27156 (C:\Users\16578\Downloads\ratelimiter\ratelimiter\target\classes started by 16578 in C:\Users\16578\Downloads\ratelimiter\ratelimiter)
2020-08-13 19:35:00.836  INFO 27156 --- [main] c.i.ratelimiter.RatelimiterApplication   : No active profile set, falling back to default profiles: default
2020-08-13 19:35:02.908  INFO 27156 --- [main] o.s.b.w.embedded.tomcat.TomcatWebServer  : Tomcat initialized with port(s): 8080 (http)
2020-08-13 19:35:02.922  INFO 27156 --- [main] o.apache.catalina.core.StandardService   : Starting service [Tomcat]
2020-08-13 19:35:02.923  INFO 27156 --- [main] org.apache.catalina.core.StandardEngine  : Starting Servlet engine: [Apache Tomcat/9.0.33]
2020-08-13 19:35:03.019  INFO 27156 --- [main] o.a.c.c.C.[Tomcat].[localhost].[/]       : Initializing Spring embedded WebApplicationContext
2020-08-13 19:35:03.020  INFO 27156 --- [main] o.s.web.context.ContextLoader            : Root WebApplicationContext: initialization completed in 2121 ms
2020-08-13 19:35:03.516  INFO 27156 --- [main] o.s.s.concurrent.ThreadPoolTaskExecutor  : Initializing ExecutorService 'applicationTaskExecutor'
2020-08-13 19:35:04.053  INFO 27156 --- [main] o.s.s.web.DefaultSecurityFilterChain     : Creating filter chain: any request, [org.springframework.security.web.context.request.async.WebAsyncManagerIntegrationFilter@639aba11, org.springframework.security.web.context.SecurityContextPersistenceFilter@54657dd2, org.springframework.security.web.header.HeaderWriterFilter@7be7e15, org.springframework.security.web.authentication.logout.LogoutFilter@65753040, org.springframework.security.web.authentication.www.BasicAuthenticationFilter@24934262, org.springframework.security.web.savedrequest.RequestCacheAwareFilter@72725ee1, org.springframework.security.web.servletapi.SecurityContextHolderAwareRequestFilter@249e0271, org.springframework.security.web.authentication.AnonymousAuthenticationFilter@341672e, org.springframework.security.web.session.SessionManagementFilter@24b4d544, org.springframework.security.web.access.ExceptionTranslationFilter@38af1bf6, org.springframework.security.web.access.intercept.FilterSecurityInterceptor@472698d]
2020-08-13 19:35:04.086  INFO 27156 --- [main] o.s.b.a.e.web.EndpointLinksResolver      : Exposing 2 endpoint(s) beneath base path '/actuator'
2020-08-13 19:35:04.184  INFO 27156 --- [main] o.s.b.w.embedded.tomcat.TomcatWebServer  : Tomcat started on port(s): 8080 (http) with context path ''
2020-08-13 19:35:04.187  INFO 27156 --- [main] c.i.ratelimiter.RatelimiterApplication   : Started RatelimiterApplication in 3.887 seconds (JVM running for 4.362)
2020-08-13 19:35:08.988  INFO 27156 --- [http-nio-8080-exec-2] o.a.c.c.C.[Tomcat].[localhost].[/]       : Initializing Spring DispatcherServlet 'dispatcherServlet'
2020-08-13 19:35:08.989  INFO 27156 --- [http-nio-8080-exec-2] o.s.web.servlet.DispatcherServlet        : Initializing Servlet 'dispatcherServlet'
2020-08-13 19:35:08.997  INFO 27156 --- [http-nio-8080-exec-2] o.s.web.servlet.DispatcherServlet        : Completed initialization in 8 ms
2020-08-13 19:37:05.447  INFO 27524 --- [main] c.i.ratelimiter.RatelimiterApplication   : Starting RatelimiterApplication on LAPTOP-AQADA4QB with PID 27524 (C:\Users\16578\Downloads\ratelimiter\ratelimiter\target\classes started by 16578 in C:\Users\16578\Downloads\ratelimiter\ratelimiter)
2020-08-13 19:37:05.451  INFO 27524 --- [main] c.i.ratelimiter.RatelimiterApplication   : No active profile set, falling back to default profiles: default
2020-08-13 19:37:07.595  INFO 27524 --- [main] o.s.b.w.embedded.tomcat.TomcatWebServer  : Tomcat initialized with port(s): 8080 (http)
2020-08-13 19:37:07.609  INFO 27524 --- [main] o.apache.catalina.core.StandardService   : Starting service [Tomcat]
2020-08-13 19:37:07.609  INFO 27524 --- [main] org.apache.catalina.core.StandardEngine  : Starting Servlet engine: [Apache Tomcat/9.0.33]
2020-08-13 19:37:07.709  INFO 27524 --- [main] o.a.c.c.C.[Tomcat].[localhost].[/]       : Initializing Spring embedded WebApplicationContext
2020-08-13 19:37:07.710  INFO 27524 --- [main] o.s.web.context.ContextLoader            : Root WebApplicationContext: initialization completed in 2192 ms
2020-08-13 19:37:08.225  INFO 27524 --- [main] o.s.s.concurrent.ThreadPoolTaskExecutor  : Initializing ExecutorService 'applicationTaskExecutor'
2020-08-13 19:37:08.720  INFO 27524 --- [main] o.s.s.web.DefaultSecurityFilterChain     : Creating filter chain: any request, [org.springframework.security.web.context.request.async.WebAsyncManagerIntegrationFilter@2caa5d7c, org.springframework.security.web.context.SecurityContextPersistenceFilter@7397c6, org.springframework.security.web.header.HeaderWriterFilter@642505c7, org.springframework.security.web.authentication.logout.LogoutFilter@3a01773b, org.springframework.security.web.authentication.www.BasicAuthenticationFilter@3531f3ca, org.springframework.security.web.savedrequest.RequestCacheAwareFilter@2a685eba, org.springframework.security.web.servletapi.SecurityContextHolderAwareRequestFilter@77d680e6, org.springframework.security.web.authentication.AnonymousAuthenticationFilter@5e671e20, org.springframework.security.web.session.SessionManagementFilter@27b2faa6, org.springframework.security.web.access.ExceptionTranslationFilter@36fc05ff, org.springframework.security.web.access.intercept.FilterSecurityInterceptor@64524dd]
2020-08-13 19:37:08.755  INFO 27524 --- [main] o.s.b.a.e.web.EndpointLinksResolver      : Exposing 2 endpoint(s) beneath base path '/actuator'
2020-08-13 19:37:08.857  INFO 27524 --- [main] o.s.b.w.embedded.tomcat.TomcatWebServer  : Tomcat started on port(s): 8080 (http) with context path ''
2020-08-13 19:37:08.862  INFO 27524 --- [main] c.i.ratelimiter.RatelimiterApplication   : Started RatelimiterApplication in 3.96 seconds (JVM running for 4.419)
2020-08-13 19:37:19.026  INFO 27524 --- [http-nio-8080-exec-1] o.a.c.c.C.[Tomcat].[localhost].[/]       : Initializing Spring DispatcherServlet 'dispatcherServlet'
2020-08-13 19:37:19.027  INFO 27524 --- [http-nio-8080-exec-1] o.s.web.servlet.DispatcherServlet        : Initializing Servlet 'dispatcherServlet'
2020-08-13 19:37:19.035  INFO 27524 --- [http-nio-8080-exec-1] o.s.web.servlet.DispatcherServlet        : Completed initialization in 8 ms
